SF:lib/common/exception.dart
DA:6,2
LF:1
LH:1
end_of_record
SF:lib/data/datasources/movie_local_data_source.dart
DA:15,1
DA:18,1
DA:20,3
DA:23,2
DA:28,1
DA:30,3
DA:33,2
DA:38,1
DA:39,3
DA:41,1
DA:48,1
DA:49,3
DA:50,4
LF:13
LH:13
end_of_record
SF:lib/data/models/genre_model.dart
DA:5,9
DA:13,4
DA:14,2
DA:15,2
DA:18,0
DA:19,0
DA:20,0
DA:23,1
DA:24,3
DA:27,2
DA:28,6
LF:11
LH:8
end_of_record
SF:lib/data/models/movie_table.dart
DA:14,2
DA:21,0
DA:22,0
DA:23,0
DA:24,0
DA:25,0
DA:26,0
DA:28,2
DA:29,1
DA:30,1
DA:31,1
DA:32,1
DA:34,3
DA:36,2
DA:37,1
DA:38,1
DA:39,1
DA:40,1
DA:41,2
DA:43,0
DA:45,0
DA:46,0
DA:47,0
DA:48,0
DA:49,0
DA:50,0
DA:52,0
DA:53,0
DA:54,0
DA:55,0
DA:56,0
DA:57,0
DA:60,0
DA:61,0
DA:62,0
DA:63,0
DA:64,0
DA:67,1
DA:68,3
DA:70,2
DA:71,4
DA:72,1
DA:74,2
DA:75,12
LF:44
LH:20
end_of_record
SF:lib/data/models/tv_detail_model.dart
DA:14,7
DA:24,2
DA:25,1
DA:26,1
DA:27,1
DA:28,4
DA:29,1
DA:30,1
DA:31,1
DA:32,1
DA:33,1
DA:35,1
DA:36,1
DA:37,1
DA:38,1
DA:39,1
DA:40,1
DA:41,1
DA:42,1
DA:43,1
DA:44,1
LF:21
LH:21
end_of_record
SF:lib/data/models/tv_series_model.dart
DA:9,0
DA:10,0
DA:12,0
DA:15,14
DA:44,2
DA:45,1
DA:46,1
DA:47,4
DA:48,1
DA:49,1
DA:50,4
DA:51,1
DA:52,1
DA:53,1
DA:54,2
DA:55,1
DA:56,2
DA:57,1
DA:60,0
DA:61,0
DA:62,0
DA:63,0
DA:64,0
DA:65,0
DA:66,0
DA:67,0
DA:68,0
DA:69,0
DA:70,0
DA:71,0
DA:72,0
DA:73,0
DA:76,1
DA:77,1
DA:78,1
DA:79,1
DA:80,1
DA:81,1
DA:82,1
DA:83,1
DA:84,1
DA:85,1
DA:86,1
DA:87,1
DA:88,1
DA:89,1
DA:90,1
LF:47
LH:30
end_of_record
SF:lib/domain/entities/genre.dart
DA:4,14
DA:12,2
DA:13,6
LF:3
LH:3
end_of_record
SF:lib/domain/entities/id_poster_title_overview.dart
DA:6,46
DA:15,16
DA:18,18
DA:19,9
DA:20,9
DA:21,9
DA:22,9
DA:25,2
DA:26,6
DA:27,4
DA:30,5
DA:31,15
DA:32,10
DA:35,7
DA:36,35
LF:15
LH:15
end_of_record
SF:lib/domain/entities/movie.dart
DA:4,11
DA:20,3
DA:41,3
DA:42,3
DA:43,3
DA:44,3
DA:45,3
DA:46,3
DA:47,3
DA:48,3
DA:49,3
DA:50,3
DA:51,3
DA:52,3
DA:53,3
DA:54,3
DA:55,3
LF:17
LH:17
end_of_record
SF:lib/domain/entities/movie_detail.dart
DA:5,11
DA:33,1
DA:34,1
DA:35,1
DA:36,1
DA:37,1
DA:38,1
DA:39,1
DA:40,1
DA:41,1
DA:42,1
DA:43,1
DA:44,1
DA:45,1
LF:14
LH:14
end_of_record
SF:lib/common/failure.dart
DA:7,13
DA:9,3
DA:10,6
DA:14,24
DA:18,4
DA:22,2
DA:26,2
LF:7
LH:7
end_of_record
SF:lib/data/datasources/db/database_helper.dart
DA:8,0
DA:12,0
DA:16,0
DA:18,0
DA:25,0
DA:26,0
DA:27,0
DA:29,0
DA:33,0
DA:34,0
DA:43,0
DA:46,0
DA:47,0
DA:48,0
DA:51,0
DA:52,0
DA:53,0
DA:56,0
DA:60,0
DA:61,0
DA:62,0
DA:65,0
DA:68,0
DA:69,0
DA:75,0
DA:76,0
DA:77,0
LF:27
LH:0
end_of_record
SF:lib/data/datasources/movie_remote_data_source.dart
DA:24,1
DA:27,1
DA:29,5
DA:31,2
DA:32,4
DA:34,1
DA:39,1
DA:41,5
DA:43,2
DA:44,3
DA:46,1
DA:51,1
DA:52,2
DA:53,3
DA:55,2
DA:56,4
DA:58,1
DA:63,1
DA:65,5
DA:67,2
DA:68,4
DA:70,1
DA:75,1
DA:77,5
DA:79,2
DA:80,4
DA:82,1
DA:87,1
DA:88,2
DA:89,3
DA:91,2
DA:92,4
DA:94,1
LF:33
LH:33
end_of_record
SF:lib/data/datasources/tv_remote_data_source.dart
DA:20,3
DA:21,3
DA:22,3
DA:23,1
DA:24,1
DA:25,2
DA:26,1
DA:27,1
DA:31,1
DA:34,1
DA:35,2
DA:36,3
DA:38,2
DA:39,2
DA:41,2
DA:43,1
DA:48,1
DA:49,2
DA:50,3
DA:52,2
DA:53,2
DA:55,2
DA:57,1
DA:62,1
DA:63,2
DA:64,3
DA:66,2
DA:67,2
DA:69,2
DA:71,1
DA:76,1
DA:77,1
DA:78,1
DA:79,3
DA:81,2
DA:82,2
DA:83,2
DA:85,1
DA:90,1
DA:91,1
DA:92,1
DA:93,3
DA:95,2
DA:96,2
DA:97,1
DA:99,1
DA:104,1
DA:105,1
DA:106,1
DA:107,3
DA:109,2
DA:110,2
DA:111,2
DA:113,1
LF:54
LH:54
end_of_record
SF:lib/data/models/movie_detail_model.dart
DA:6,2
DA:52,1
DA:53,1
DA:54,1
DA:55,1
DA:56,1
DA:57,1
DA:58,4
DA:59,1
DA:60,1
DA:61,1
DA:62,1
DA:63,1
DA:64,1
DA:65,2
DA:66,1
DA:67,1
DA:68,1
DA:69,1
DA:70,1
DA:71,1
DA:72,1
DA:73,1
DA:74,2
DA:75,1
DA:78,0
DA:79,0
DA:80,0
DA:81,0
DA:82,0
DA:83,0
DA:84,0
DA:85,0
DA:86,0
DA:87,0
DA:88,0
DA:89,0
DA:90,0
DA:91,0
DA:92,0
DA:93,0
DA:94,0
DA:95,0
DA:96,0
DA:97,0
DA:98,0
DA:99,0
DA:102,1
DA:103,1
DA:104,1
DA:105,1
DA:106,5
DA:107,1
DA:108,1
DA:109,1
DA:110,1
DA:111,1
DA:112,1
DA:113,1
DA:114,1
DA:115,1
DA:119,1
DA:120,1
DA:121,1
DA:122,1
DA:123,1
DA:124,1
DA:125,1
DA:126,1
DA:127,1
DA:128,1
DA:129,1
DA:130,1
DA:131,1
DA:132,1
DA:133,1
DA:134,1
DA:135,1
DA:136,1
DA:137,1
DA:138,1
DA:139,1
DA:140,1
DA:141,1
LF:84
LH:62
end_of_record
SF:lib/data/models/movie_model.dart
DA:5,4
DA:35,4
DA:36,2
DA:37,2
DA:38,8
DA:39,2
DA:40,2
DA:41,2
DA:42,4
DA:43,2
DA:44,2
DA:45,2
DA:46,2
DA:47,4
DA:48,2
DA:51,2
DA:52,1
DA:53,1
DA:54,4
DA:55,1
DA:56,1
DA:57,1
DA:58,1
DA:59,1
DA:60,1
DA:61,1
DA:62,1
DA:63,1
DA:64,1
DA:67,2
DA:68,2
DA:69,2
DA:70,2
DA:71,2
DA:72,2
DA:73,2
DA:74,2
DA:75,2
DA:76,2
DA:77,2
DA:78,2
DA:79,2
DA:80,2
DA:81,2
DA:85,2
DA:86,2
DA:87,2
DA:88,2
DA:89,2
DA:90,2
DA:91,2
DA:92,2
DA:93,2
DA:94,2
DA:95,2
DA:96,2
DA:97,2
DA:98,2
DA:99,2
LF:59
LH:59
end_of_record
SF:lib/domain/entities/content_data.dart
DA:17,10
DA:27,14
DA:28,7
DA:29,7
DA:30,7
DA:31,14
DA:32,7
DA:33,7
DA:34,7
DA:37,6
DA:38,3
DA:39,3
DA:41,21
DA:43,9
DA:44,3
DA:45,6
DA:46,3
DA:49,1
DA:51,8
LF:19
LH:19
end_of_record
SF:lib/data/models/movie_response.dart
DA:7,2
DA:9,4
DA:10,4
DA:11,6
DA:12,6
DA:15,2
DA:16,5
DA:19,1
DA:20,2
LF:9
LH:9
end_of_record
SF:lib/common/constants.dart
DA:19,8
DA:20,4
DA:21,27
DA:23,0
DA:25,0
DA:29,0
LF:6
LH:3
end_of_record
SF:lib/data/models/tv_series_response.dart
DA:7,1
DA:9,1
DA:10,1
DA:11,2
DA:12,3
DA:13,3
DA:16,0
DA:17,0
DA:20,0
DA:21,0
LF:10
LH:6
end_of_record
SF:lib/domain/entities/id_and_data_type.dart
DA:9,7
DA:11,0
DA:12,0
DA:14,0
DA:15,0
DA:17,0
DA:19,0
LF:7
LH:1
end_of_record
SF:lib/domain/entities/id_poster_data_type.dart
DA:11,4
DA:13,2
DA:14,6
DA:16,2
DA:17,2
DA:18,4
DA:20,0
DA:22,0
DA:23,0
DA:25,3
DA:26,9
LF:11
LH:8
end_of_record
SF:lib/domain/usecases/get_watchlist_movies.dart
DA:9,1
DA:11,1
DA:12,2
LF:3
LH:3
end_of_record
SF:lib/domain/usecases/get_watchlist_status.dart
DA:6,1
DA:8,1
DA:9,2
LF:3
LH:3
end_of_record
SF:lib/domain/usecases/remove_watchlist.dart
DA:9,1
DA:11,1
DA:12,2
DA:13,3
LF:4
LH:4
end_of_record
SF:lib/domain/usecases/save_watchlist.dart
DA:9,1
DA:11,1
DA:12,2
LF:3
LH:3
end_of_record
SF:lib/presentation/bloc/watchlist/watchlist_state.dart
DA:4,2
DA:6,1
DA:7,1
DA:19,2
DA:21,1
DA:22,2
DA:29,0
DA:31,0
DA:32,0
LF:9
LH:6
end_of_record
SF:lib/presentation/bloc/watchlist/watchlist_bloc.dart
DA:12,6
DA:13,4
DA:14,2
DA:15,4
DA:20,2
DA:21,4
DA:22,4
DA:24,2
DA:25,0
DA:26,0
DA:29,0
DA:30,2
DA:31,2
DA:32,4
DA:36,4
LF:15
LH:12
end_of_record
SF:lib/presentation/bloc/watchlist/watchlist_event.dart
DA:4,2
DA:6,0
DA:7,0
LF:3
LH:1
end_of_record
SF:lib/presentation/bloc/watchlist_status/watchlist_status_state.dart
DA:4,6
DA:6,1
DA:7,1
DA:17,6
DA:19,1
DA:20,2
DA:27,2
DA:29,0
DA:30,0
DA:36,3
DA:38,1
DA:39,2
LF:12
LH:10
end_of_record
SF:lib/presentation/bloc/watchlist_status/watchlist_status_bloc.dart
DA:20,1
DA:25,2
DA:26,2
DA:27,1
DA:28,3
DA:29,1
DA:30,2
DA:31,1
DA:32,1
DA:33,3
DA:38,1
DA:40,2
DA:41,3
DA:43,2
DA:46,1
DA:48,2
DA:49,2
DA:51,1
DA:52,0
DA:53,0
DA:56,0
DA:57,1
DA:58,1
DA:59,1
DA:61,2
DA:63,2
DA:67,1
DA:69,2
DA:70,2
DA:72,1
DA:73,0
DA:74,0
DA:77,0
DA:78,1
DA:79,1
DA:80,2
DA:81,1
DA:83,2
DA:84,3
DA:85,2
LF:40
LH:34
end_of_record
SF:lib/presentation/bloc/watchlist_status/watchlist_status_event.dart
DA:4,6
DA:6,0
DA:7,0
DA:13,1
DA:15,0
DA:16,0
DA:22,3
DA:24,0
DA:25,0
DA:31,6
DA:33,0
LF:11
LH:4
end_of_record
SF:lib/data/repositories/movie_repository_impl.dart
DA:14,1
DA:17,1
DA:19,3
DA:20,5
DA:21,1
DA:22,2
DA:23,1
DA:24,2
DA:29,1
DA:31,3
DA:32,2
DA:33,1
DA:34,2
DA:35,1
DA:36,2
DA:41,1
DA:43,3
DA:44,3
DA:45,1
DA:46,2
DA:47,1
DA:48,2
DA:53,1
DA:55,3
DA:56,5
DA:57,1
DA:58,2
DA:59,1
DA:60,2
DA:65,1
DA:67,3
DA:68,5
DA:69,1
DA:70,2
DA:71,1
DA:72,2
DA:77,1
DA:79,3
DA:80,5
DA:81,1
DA:82,2
DA:83,1
DA:84,2
LF:43
LH:43
end_of_record
SF:lib/data/repositories/tv_series_repository_impl.dart
DA:14,1
DA:17,1
DA:19,3
DA:20,1
DA:21,1
DA:22,2
DA:23,1
DA:24,2
DA:26,2
DA:31,1
DA:33,3
DA:34,1
DA:35,1
DA:36,2
DA:37,1
DA:38,2
DA:40,2
DA:45,1
DA:47,3
DA:48,1
DA:49,1
DA:50,2
DA:51,1
DA:52,2
DA:54,0
DA:59,1
DA:62,3
DA:63,1
DA:64,1
DA:65,2
DA:66,1
DA:67,2
DA:69,0
DA:74,1
DA:76,3
DA:77,1
DA:78,1
DA:79,2
DA:80,1
DA:81,2
DA:83,0
DA:88,1
DA:91,3
DA:92,1
DA:93,1
DA:94,2
DA:95,1
DA:96,2
DA:98,0
LF:49
LH:45
end_of_record
SF:lib/data/repositories/watchlist_repository_impl.dart
DA:13,1
DA:16,1
DA:17,3
DA:18,5
DA:22,1
DA:23,3
DA:28,1
DA:30,3
DA:31,1
DA:32,1
DA:33,3
DA:38,1
DA:40,1
DA:41,3
DA:42,1
DA:43,1
DA:44,3
LF:17
LH:17
end_of_record
SF:lib/domain/usecases/get_top_rated_movies.dart
DA:9,1
DA:11,1
DA:12,2
LF:3
LH:3
end_of_record
SF:lib/domain/usecases/search_tv_series.dart
DA:9,1
DA:11,1
DA:12,2
LF:3
LH:3
end_of_record
SF:lib/domain/usecases/get_tv_series_detail.dart
DA:9,1
DA:11,1
DA:12,2
LF:3
LH:3
end_of_record
SF:lib/domain/usecases/get_movie_detail.dart
DA:9,1
DA:11,1
DA:12,2
LF:3
LH:3
end_of_record
SF:lib/domain/usecases/get_tv_series_recommendations.dart
DA:9,1
DA:11,1
DA:12,2
LF:3
LH:3
end_of_record
SF:lib/domain/usecases/get_movie_recommendations.dart
DA:9,1
DA:11,1
DA:12,2
LF:3
LH:3
end_of_record
SF:lib/domain/usecases/get_now_playing_movies.dart
DA:9,1
DA:11,1
DA:12,2
LF:3
LH:3
end_of_record
SF:lib/domain/usecases/get_popular_movies.dart
DA:9,1
DA:11,1
DA:12,2
LF:3
LH:3
end_of_record
SF:lib/domain/usecases/get_top_rated_tv_series.dart
DA:9,1
DA:11,1
DA:12,2
LF:3
LH:3
end_of_record
SF:lib/common/extension.dart
DA:4,2
DA:5,4
DA:7,4
DA:8,2
DA:9,2
DA:10,2
DA:11,0
DA:12,0
DA:14,2
LF:9
LH:7
end_of_record
SF:lib/presentation/bloc/movie_detail/movie_detail_event.dart
DA:4,2
DA:6,0
DA:7,0
DA:13,2
DA:15,0
DA:16,0
DA:22,1
DA:24,0
DA:25,0
LF:9
LH:3
end_of_record
SF:lib/presentation/bloc/movie_detail/movie_detail_state.dart
DA:4,3
DA:6,1
DA:7,1
DA:18,3
DA:25,2
LF:5
LH:5
end_of_record
SF:lib/presentation/bloc/movie_detail/movie_detail_bloc.dart
DA:15,1
DA:17,2
DA:18,2
DA:19,1
DA:20,1
DA:21,1
DA:22,1
DA:23,1
DA:24,1
DA:29,1
DA:31,2
DA:33,2
DA:34,1
DA:36,1
DA:37,0
DA:38,0
DA:41,0
DA:42,1
DA:43,1
DA:44,1
DA:46,2
DA:47,2
DA:48,0
DA:51,1
DA:53,1
DA:54,1
DA:55,1
DA:57,4
DA:59,1
DA:61,1
DA:66,1
DA:69,2
DA:70,3
DA:72,1
DA:73,0
DA:74,0
DA:77,0
DA:78,1
DA:80,4
DA:82,1
DA:84,1
LF:41
LH:34
end_of_record
SF:lib/presentation/bloc/popular_movie/popular_movie_state.dart
DA:4,2
DA:6,1
DA:7,1
DA:17,2
DA:19,1
DA:20,2
DA:27,2
DA:29,1
DA:30,2
LF:9
LH:9
end_of_record
SF:lib/presentation/bloc/popular_movie/popular_movie_bloc.dart
DA:12,3
DA:13,2
DA:14,1
DA:15,1
DA:20,1
DA:21,2
DA:22,2
DA:24,2
DA:25,2
DA:26,0
DA:29,1
DA:30,1
DA:31,4
DA:32,1
DA:34,1
LF:15
LH:14
end_of_record
SF:lib/presentation/bloc/popular_movie/popular_movie_event.dart
DA:4,2
DA:6,0
DA:7,0
LF:3
LH:1
end_of_record
SF:lib/presentation/bloc/top_rated_movie/top_rated_movie_state.dart
DA:4,2
DA:6,1
DA:7,1
DA:17,2
DA:19,1
DA:20,2
DA:27,2
DA:29,1
DA:30,2
LF:9
LH:9
end_of_record
SF:lib/presentation/bloc/top_rated_movie/top_rated_movie_bloc.dart
DA:12,3
DA:13,2
DA:14,1
DA:15,1
DA:20,1
DA:21,2
DA:23,2
DA:24,2
DA:25,2
DA:26,0
DA:29,1
DA:30,1
DA:31,4
DA:32,1
DA:34,1
LF:15
LH:14
end_of_record
SF:lib/presentation/bloc/top_rated_movie/top_rated_movie_event.dart
DA:4,2
DA:6,0
DA:7,0
LF:3
LH:1
end_of_record
SF:lib/presentation/bloc/tv_detail/tv_detail_event.dart
DA:4,2
DA:6,0
DA:7,0
DA:13,2
DA:15,0
DA:16,0
DA:22,0
DA:24,0
DA:25,0
LF:9
LH:2
end_of_record
SF:lib/presentation/bloc/tv_detail/tv_detail_state.dart
DA:4,3
DA:6,1
DA:7,1
DA:18,3
DA:20,1
DA:21,3
DA:28,2
DA:30,1
DA:31,2
LF:9
LH:9
end_of_record
SF:lib/presentation/bloc/tv_detail/tv_detail_bloc.dart
DA:16,3
DA:17,2
DA:18,1
DA:19,3
DA:20,0
DA:21,0
DA:26,1
DA:31,2
DA:32,2
DA:33,1
DA:35,2
DA:36,2
DA:37,0
DA:40,1
DA:41,1
DA:42,1
DA:44,1
DA:45,2
DA:46,2
DA:47,0
DA:50,1
DA:52,1
DA:53,1
DA:54,1
DA:55,4
DA:56,1
DA:58,1
DA:63,0
DA:67,0
DA:68,0
DA:70,0
DA:71,0
DA:72,0
DA:75,0
DA:76,0
DA:77,0
DA:78,0
DA:79,0
DA:81,0
LF:39
LH:23
end_of_record
SF:lib/presentation/pages/movie_detail_page.dart
DA:16,2
DA:18,2
DA:19,2
DA:23,2
DA:25,2
DA:26,8
DA:27,1
DA:28,1
DA:29,5
DA:30,4
DA:31,1
DA:32,1
DA:33,5
DA:37,2
DA:39,2
DA:40,8
DA:41,1
DA:42,1
DA:46,1
DA:47,1
DA:48,1
DA:49,1
DA:50,3
DA:53,1
DA:54,1
DA:55,1
DA:56,1
DA:58,1
DA:59,1
DA:60,1
DA:61,1
DA:64,1
DA:70,1
DA:71,1
DA:72,1
DA:73,1
DA:74,3
DA:77,1
DA:78,1
DA:79,1
DA:80,1
DA:82,1
DA:83,1
DA:84,1
DA:85,1
DA:88,1
LF:46
LH:46
end_of_record
SF:lib/presentation/widgets/detail_content.dart
DA:19,4
DA:21,4
DA:23,12
DA:24,4
DA:25,4
DA:26,4
DA:27,8
DA:30,4
DA:32,4
DA:33,4
DA:34,4
DA:35,4
DA:37,8
DA:44,4
DA:45,4
DA:46,4
DA:48,4
DA:50,4
DA:52,4
DA:53,4
DA:54,8
DA:55,4
DA:57,8
DA:58,4
DA:59,12
DA:61,4
DA:62,4
DA:63,12
DA:65,4
DA:66,4
DA:67,4
DA:68,12
DA:70,8
DA:76,16
DA:79,4
DA:80,4
DA:82,4
DA:84,4
DA:85,8
DA:87,4
DA:88,4
DA:90,4
DA:92,12
DA:93,2
DA:95,2
DA:100,4
DA:102,4
DA:117,4
DA:119,4
DA:122,4
DA:123,4
DA:124,0
DA:125,0
DA:134,2
DA:135,2
DA:136,1
DA:137,1
DA:138,0
DA:141,2
DA:142,2
DA:143,0
DA:144,0
DA:146,2
DA:147,2
DA:149,2
DA:151,0
DA:152,0
DA:153,0
DA:155,0
DA:156,0
DA:157,0
DA:160,0
DA:163,0
DA:164,0
DA:165,0
DA:167,0
DA:172,4
DA:176,1
DA:182,2
DA:183,2
DA:184,1
DA:185,1
DA:186,0
DA:189,2
DA:190,2
DA:191,0
DA:192,0
DA:194,2
DA:195,2
DA:197,2
DA:199,0
DA:200,0
DA:201,0
DA:204,0
DA:205,0
DA:206,0
DA:209,0
DA:213,0
DA:214,0
DA:215,0
DA:217,0
DA:222,4
DA:226,1
DA:232,4
DA:234,8
DA:235,12
DA:238,4
DA:242,12
DA:245,4
DA:246,4
DA:247,4
DA:249,4
DA:250,0
DA:252,4
LF:114
LH:83
end_of_record
SF:lib/presentation/widgets/ditonton_image.dart
DA:10,9
DA:12,9
DA:14,9
DA:15,18
DA:16,9
DA:17,9
DA:18,9
DA:19,18
DA:20,18
DA:21,9
DA:22,9
DA:23,9
DA:24,9
DA:27,0
LF:14
LH:13
end_of_record
SF:lib/presentation/widgets/watchlist_button.dart
DA:11,5
DA:13,5
DA:15,5
DA:16,5
DA:17,5
DA:18,2
DA:19,8
DA:20,5
DA:21,2
DA:23,2
DA:24,2
DA:25,2
DA:26,2
DA:31,5
DA:33,25
DA:35,5
DA:36,10
DA:38,5
DA:39,2
DA:40,2
DA:41,6
DA:42,2
DA:43,0
DA:46,5
DA:48,5
DA:49,5
DA:50,12
DA:51,5
LF:28
LH:27
end_of_record
SF:lib/domain/usecases/get_popular_tv_series.dart
DA:9,1
DA:11,1
DA:12,2
LF:3
LH:3
end_of_record
SF:lib/presentation/bloc/popular_tv_series/popular_tv_series_state.dart
DA:4,2
DA:6,1
DA:7,1
DA:17,2
DA:19,1
DA:20,2
DA:27,2
DA:29,1
DA:30,2
LF:9
LH:9
end_of_record
SF:lib/presentation/bloc/popular_tv_series/popular_tv_series_bloc.dart
DA:12,3
DA:13,2
DA:14,1
DA:15,1
DA:20,1
DA:21,2
DA:23,2
DA:25,2
DA:26,2
DA:27,0
DA:30,1
DA:31,1
DA:32,4
DA:33,1
DA:35,1
LF:15
LH:14
end_of_record
SF:lib/presentation/bloc/popular_tv_series/popular_tv_series_event.dart
DA:4,2
DA:6,0
DA:7,0
LF:3
LH:1
end_of_record
SF:lib/presentation/pages/popular_tv_series_page.dart
DA:10,1
DA:12,3
DA:14,1
DA:15,1
DA:16,1
DA:18,1
DA:20,1
DA:21,1
DA:22,1
DA:23,1
DA:24,1
DA:26,1
DA:27,1
DA:28,1
DA:29,2
DA:30,1
DA:32,2
DA:34,1
DA:35,3
DA:37,1
LF:20
LH:20
end_of_record
SF:lib/presentation/widgets/ditonton_error_widget.dart
DA:7,4
DA:9,4
DA:11,4
DA:12,4
DA:15,4
DA:16,8
DA:17,8
DA:18,0
DA:19,4
LF:9
LH:8
end_of_record
SF:lib/presentation/widgets/id_poster_title_overview_card.dart
DA:12,5
DA:14,0
DA:15,0
DA:17,5
DA:19,5
DA:21,5
DA:22,0
DA:23,0
DA:26,0
DA:29,5
DA:31,5
DA:32,5
DA:33,5
DA:39,5
DA:41,5
DA:42,5
DA:43,10
DA:46,5
DA:48,5
DA:49,5
DA:50,10
DA:58,5
DA:63,5
DA:64,5
DA:65,10
DA:69,10
LF:26
LH:21
end_of_record
SF:lib/presentation/bloc/top_rated_tv_series/top_rated_tv_series_event.dart
DA:4,2
DA:6,0
DA:7,0
LF:3
LH:1
end_of_record
SF:lib/presentation/bloc/top_rated_tv_series/top_rated_tv_series_state.dart
DA:4,2
DA:6,1
DA:7,1
DA:17,2
DA:19,1
DA:20,2
DA:27,2
DA:29,1
DA:30,2
LF:9
LH:9
end_of_record
SF:lib/presentation/bloc/top_rated_tv_series/top_rated_tv_series_bloc.dart
DA:13,1
DA:14,2
DA:15,2
DA:16,1
DA:17,1
DA:22,1
DA:24,2
DA:25,2
DA:27,2
DA:28,2
DA:29,0
DA:32,1
DA:33,1
DA:35,4
DA:36,1
DA:38,1
LF:16
LH:15
end_of_record
SF:lib/presentation/pages/top_rated_tv_series_page.dart
DA:10,1
DA:12,3
DA:14,1
DA:15,1
DA:16,1
DA:18,1
DA:20,1
DA:21,1
DA:22,1
DA:23,1
DA:24,1
DA:26,1
DA:27,1
DA:28,1
DA:29,2
DA:30,1
DA:32,2
DA:34,1
DA:35,3
DA:37,1
LF:20
LH:20
end_of_record
SF:lib/domain/usecases/get_on_the_air_tv_series.dart
DA:9,1
DA:11,1
DA:12,2
LF:3
LH:3
end_of_record
SF:lib/domain/usecases/search_movies.dart
DA:9,1
DA:11,1
DA:12,2
LF:3
LH:3
end_of_record
SF:lib/presentation/pages/top_rated_movies_page.dart
DA:10,1
DA:12,3
DA:14,1
DA:15,1
DA:16,1
DA:18,1
DA:20,1
DA:21,1
DA:22,1
DA:23,1
DA:24,1
DA:26,1
DA:27,1
DA:28,1
DA:29,2
DA:30,1
DA:32,2
DA:34,1
DA:35,1
DA:36,2
DA:39,1
LF:21
LH:21
end_of_record
SF:lib/presentation/pages/popular_movies_page.dart
DA:10,1
DA:12,3
DA:14,1
DA:15,1
DA:16,1
DA:18,1
DA:20,1
DA:21,1
DA:22,1
DA:23,1
DA:24,1
DA:26,1
DA:27,1
DA:28,1
DA:29,2
DA:31,1
DA:33,2
DA:35,1
DA:36,3
DA:38,1
LF:20
LH:20
end_of_record
SF:lib/presentation/bloc/on_the_air_tv_series/on_the_air_tv_series_state.dart
DA:4,1
DA:6,1
DA:7,1
DA:17,1
DA:19,1
DA:20,2
DA:27,1
DA:29,1
DA:30,2
LF:9
LH:9
end_of_record
SF:lib/presentation/bloc/on_the_air_tv_series/on_the_air_tv_series_event.dart
DA:4,1
DA:6,0
DA:7,0
LF:3
LH:1
end_of_record
SF:lib/presentation/bloc/on_the_air_tv_series/on_the_air_tv_series_bloc.dart
DA:13,1
DA:14,2
DA:15,2
DA:16,1
DA:17,2
DA:22,1
DA:24,2
DA:26,2
DA:27,2
DA:28,2
DA:29,0
DA:32,1
DA:33,1
DA:34,4
DA:35,1
DA:37,1
LF:16
LH:15
end_of_record
SF:lib/presentation/bloc/now_playing_movie/now_playing_movie_event.dart
DA:4,1
DA:6,0
DA:7,0
LF:3
LH:1
end_of_record
SF:lib/presentation/bloc/now_playing_movie/now_playing_movie_state.dart
DA:4,1
DA:6,1
DA:7,1
DA:17,1
DA:19,1
DA:20,2
DA:27,1
DA:29,1
DA:30,2
LF:9
LH:9
end_of_record
SF:lib/presentation/bloc/now_playing_movie/now_playing_movie_bloc.dart
DA:13,1
DA:14,2
DA:15,2
DA:16,1
DA:17,1
DA:22,1
DA:24,2
DA:26,2
DA:28,2
DA:29,2
DA:30,0
DA:33,1
DA:34,1
DA:35,4
DA:36,1
DA:38,1
LF:16
LH:15
end_of_record
SF:lib/presentation/bloc/tv_searies_search/tv_series_search_state.dart
DA:4,1
DA:6,1
DA:7,1
DA:17,1
DA:23,1
DA:25,1
DA:26,2
DA:33,1
DA:35,1
DA:36,2
LF:10
LH:10
end_of_record
SF:lib/presentation/bloc/tv_searies_search/tv_series_search_event.dart
DA:4,1
DA:6,0
DA:7,0
DA:13,1
DA:15,0
DA:16,0
LF:6
LH:2
end_of_record
SF:lib/presentation/bloc/tv_searies_search/tv_series_search_bloc.dart
DA:13,1
DA:14,2
DA:15,2
DA:16,1
DA:17,1
DA:19,1
DA:20,2
DA:24,2
DA:26,2
DA:28,2
DA:29,1
DA:30,0
DA:33,1
DA:34,1
DA:35,1
DA:37,4
DA:38,1
DA:40,1
DA:42,3
DA:46,1
DA:49,1
DA:51,3
LF:22
LH:21
end_of_record
SF:lib/presentation/bloc/movie_search/movie_search_state.dart
DA:4,1
DA:6,1
DA:7,1
DA:15,1
DA:24,1
DA:26,1
DA:27,3
DA:33,1
DA:35,1
DA:36,2
LF:10
LH:10
end_of_record
SF:lib/presentation/bloc/movie_search/movie_search_bloc.dart
DA:12,3
DA:13,2
DA:14,1
DA:15,1
DA:17,1
DA:18,2
DA:22,2
DA:24,2
DA:26,2
DA:27,1
DA:28,0
DA:31,1
DA:32,1
DA:33,1
DA:34,1
DA:36,1
DA:38,3
DA:42,1
DA:45,1
DA:47,3
LF:20
LH:19
end_of_record
SF:lib/presentation/bloc/movie_search/movie_search_event.dart
DA:4,1
DA:6,0
DA:7,0
DA:13,1
DA:15,0
DA:16,0
LF:6
LH:2
end_of_record
